# JRE version: OpenJDK Runtime Environment (17.0.10) (build 17.0.10+0--11609105)
# Java VM: OpenJDK 64-Bit Server VM (17.0.10+0--11609105, mixed mode, tiered, compressed oops, compressed class ptrs, g1 gc, windows-amd64)
GC Precious Log:
 CPUs: 4 total, 4 available
 Memory: 16339M
 Large Page Support: Disabled
 NUMA Support: Disabled
 Compressed Oops: Enabled (Zero based)
 Heap Region Size: 2M
 Heap Min Capacity: 8M
 Heap Initial Capacity: 256M
 Heap Max Capacity: 4G
 Pre-touch: Disabled
 Parallel Workers: 4
 Concurrent Workers: 1
 Concurrent Refinement Workers: 4
 Periodic GC: Disabled
Heap:
 garbage-first heap   total 1136640K, used 563815K [0x0000000700000000, 0x0000000800000000)
  region size 2048K, 9 young (18432K), 9 survivors (18432K)
 Metaspace       used 159377K, committed 161856K, reserved 1245184K
  class space    used 21931K, committed 23168K, reserved 1048576K
GC Heap History (20 events):
Event: 167.521 GC heap after
{Heap after GC invocations=69 (full 0):
 garbage-first heap   total 876544K, used 222445K [0x0000000700000000, 0x0000000800000000)
  region size 2048K, 9 young (18432K), 9 survivors (18432K)
 Metaspace       used 115257K, committed 116288K, reserved 1179648K
  class space    used 15499K, committed 16000K, reserved 1048576K
}
Event: 167.555 GC heap before
{Heap before GC invocations=69 (full 0):
 garbage-first heap   total 876544K, used 267501K [0x0000000700000000, 0x0000000800000000)
  region size 2048K, 10 young (20480K), 9 survivors (18432K)
 Metaspace       used 115257K, committed 116288K, reserved 1179648K
  class space    used 15499K, committed 16000K, reserved 1048576K
}
Event: 167.571 GC heap after
{Heap after GC invocations=70 (full 0):
 garbage-first heap   total 2203648K, used 221545K [0x0000000700000000, 0x0000000800000000)
  region size 2048K, 9 young (18432K), 9 survivors (18432K)
 Metaspace       used 115257K, committed 116288K, reserved 1179648K
  class space    used 15499K, committed 16000K, reserved 1048576K
}
Event: 500.874 GC heap before
{Heap before GC invocations=70 (full 0):
 garbage-first heap   total 2203648K, used 1884521K [0x0000000700000000, 0x0000000800000000)
  region size 2048K, 574 young (1175552K), 9 survivors (18432K)
 Metaspace       used 117131K, committed 118336K, reserved 1179648K
  class space    used 15665K, committed 16256K, reserved 1048576K
}
Event: 500.897 GC heap after
{Heap after GC invocations=71 (full 0):
 garbage-first heap   total 2203648K, used 235367K [0x0000000700000000, 0x0000000800000000)
  region size 2048K, 14 young (28672K), 14 survivors (28672K)
 Metaspace       used 117131K, committed 118336K, reserved 1179648K
  class space    used 15665K, committed 16256K, reserved 1048576K
}
Event: 1059.018 GC heap before
{Heap before GC invocations=71 (full 0):
 garbage-first heap   total 2203648K, used 1963879K [0x0000000700000000, 0x0000000800000000)
  region size 2048K, 645 young (1320960K), 14 survivors (28672K)
 Metaspace       used 118711K, committed 120192K, reserved 1179648K
  class space    used 15846K, committed 16576K, reserved 1048576K
}
Event: 1059.033 GC heap after
{Heap after GC invocations=72 (full 0):
 garbage-first heap   total 2203648K, used 208487K [0x0000000700000000, 0x0000000800000000)
  region size 2048K, 7 young (14336K), 7 survivors (14336K)
 Metaspace       used 118711K, committed 120192K, reserved 1179648K
  class space    used 15846K, committed 16576K, reserved 1048576K
}
Event: 1148.204 GC heap before
{Heap before GC invocations=72 (full 0):
 garbage-first heap   total 2203648K, used 1324647K [0x0000000700000000, 0x0000000800000000)
  region size 2048K, 553 young (1132544K), 7 survivors (14336K)
 Metaspace       used 137058K, committed 139328K, reserved 1179648K
  class space    used 18734K, committed 19904K, reserved 1048576K
}
Event: 1148.219 GC heap after
{Heap after GC invocations=73 (full 0):
 garbage-first heap   total 2203648K, used 213976K [0x0000000700000000, 0x0000000800000000)
  region size 2048K, 10 young (20480K), 10 survivors (20480K)
 Metaspace       used 137058K, committed 139328K, reserved 1179648K
  class space    used 18734K, committed 19904K, reserved 1048576K
}
Event: 1159.236 GC heap before
{Heap before GC invocations=74 (full 0):
 garbage-first heap   total 751616K, used 631768K [0x0000000700000000, 0x0000000800000000)
  region size 2048K, 220 young (450560K), 10 survivors (20480K)
 Metaspace       used 154589K, committed 157120K, reserved 1245184K
  class space    used 21413K, committed 22656K, reserved 1048576K
}
Event: 1159.261 GC heap after
{Heap after GC invocations=75 (full 0):
 garbage-first heap   total 751616K, used 216679K [0x0000000700000000, 0x0000000800000000)
  region size 2048K, 16 young (32768K), 16 survivors (32768K)
 Metaspace       used 154589K, committed 157120K, reserved 1245184K
  class space    used 21413K, committed 22656K, reserved 1048576K
}
Event: 1159.286 GC heap before
{Heap before GC invocations=75 (full 0):
 garbage-first heap   total 751616K, used 220775K [0x0000000700000000, 0x0000000800000000)
  region size 2048K, 18 young (36864K), 16 survivors (32768K)
 Metaspace       used 154591K, committed 157120K, reserved 1245184K
  class space    used 21413K, committed 22656K, reserved 1048576K
}
Event: 1159.327 GC heap after
{Heap after GC invocations=76 (full 0):
 garbage-first heap   total 751616K, used 191358K [0x0000000700000000, 0x0000000800000000)
  region size 2048K, 2 young (4096K), 2 survivors (4096K)
 Metaspace       used 154591K, committed 157120K, reserved 1245184K
  class space    used 21413K, committed 22656K, reserved 1048576K
}
Event: 1161.616 GC heap before
{Heap before GC invocations=76 (full 0):
 garbage-first heap   total 751616K, used 719742K [0x0000000700000000, 0x0000000800000000)
  region size 2048K, 161 young (329728K), 2 survivors (4096K)
 Metaspace       used 159123K, committed 161664K, reserved 1245184K
  class space    used 21916K, committed 23168K, reserved 1048576K
}
Event: 1161.657 GC heap after
{Heap after GC invocations=77 (full 0):
 garbage-first heap   total 811008K, used 398951K [0x0000000700000000, 0x0000000800000000)
  region size 2048K, 27 young (55296K), 27 survivors (55296K)
 Metaspace       used 159123K, committed 161664K, reserved 1245184K
  class space    used 21916K, committed 23168K, reserved 1048576K
}
Event: 1162.429 GC heap before
{Heap before GC invocations=78 (full 0):
 garbage-first heap   total 811008K, used 638567K [0x0000000700000000, 0x0000000800000000)
  region size 2048K, 140 young (286720K), 27 survivors (55296K)
 Metaspace       used 159350K, committed 161856K, reserved 1245184K
  class space    used 21931K, committed 23168K, reserved 1048576K
}
Event: 1162.533 GC heap after
{Heap after GC invocations=79 (full 0):
 garbage-first heap   total 811008K, used 500123K [0x0000000700000000, 0x0000000800000000)
  region size 2048K, 18 young (36864K), 18 survivors (36864K)
 Metaspace       used 159350K, committed 161856K, reserved 1245184K
  class space    used 21931K, committed 23168K, reserved 1048576K
}
Event: 1162.578 GC heap before
{Heap before GC invocations=79 (full 0):
 garbage-first heap   total 811008K, used 502171K [0x0000000700000000, 0x0000000800000000)
  region size 2048K, 19 young (38912K), 18 survivors (36864K)
 Metaspace       used 159350K, committed 161856K, reserved 1245184K
  class space    used 21931K, committed 23168K, reserved 1048576K
}
Event: 1162.633 GC heap after
{Heap after GC invocations=80 (full 0):
 garbage-first heap   total 811008K, used 497255K [0x0000000700000000, 0x0000000800000000)
  region size 2048K, 2 young (4096K), 2 survivors (4096K)
 Metaspace       used 159350K, committed 161856K, reserved 1245184K
  class space    used 21931K, committed 23168K, reserved 1048576K
}
Event: 1163.189 GC heap before
{Heap before GC invocations=80 (full 0):
 garbage-first heap   total 811008K, used 626279K [0x0000000700000000, 0x0000000800000000)
  region size 2048K, 65 young (133120K), 2 survivors (4096K)
 Metaspace       used 159377K, committed 161856K, reserved 1245184K
  class space    used 21931K, committed 23168K, reserved 1048576K
}

